Build started 03/03/2015 19:14:03.
     1>Project "C:\Users\Johan\workspace\Graphics Tda361\Examples\OpenGLTutorials_2014 (1)\OpenGLTutorials\project\OpenGL_project-vs2013.vcxproj" on node 2 (Build target(s)).
     1>ClCompile:
         C:\Program Files (x86)\Microsoft Visual Studio 12.0\VC\bin\CL.exe /c /I../inc /I../glutil /I../linmath /Zi /nologo /W3 /WX- /O2 /Ob2 /Oi /Ot /Oy /GT /GL /D WIN32 /D NDEBUG /D _CONSOLE /D _CRT_SECURE_NO_WARNINGS /Gm- /EHsc /MT /GS /fp:fast /Zc:wchar_t /Zc:forScope /Fo"Release\\" /Fd"Release\vc120.pdb" /Gd /TP /wd4505 /analyze- /errorReport:prompt main.cpp
         main.cpp
     1>main.cpp(230): warning C4244: 'argument' : conversion from 'float' to 'int', possible loss of data
     1>main.cpp(236): warning C4244: 'argument' : conversion from 'float' to 'int', possible loss of data
     1>main.cpp(367): warning C4244: 'argument' : conversion from 'float' to 'int', possible loss of data
     1>main.cpp(368): warning C4244: 'argument' : conversion from 'float' to 'int', possible loss of data
     1>main.cpp(371): warning C4244: 'argument' : conversion from 'float' to 'int', possible loss of data
     1>main.cpp(372): warning C4244: 'argument' : conversion from 'float' to 'int', possible loss of data
     1>main.cpp(375): warning C4244: 'argument' : conversion from 'float' to 'int', possible loss of data
     1>main.cpp(376): warning C4244: 'argument' : conversion from 'float' to 'int', possible loss of data
     1>main.cpp(422): warning C4018: '<' : signed/unsigned mismatch
     1>main.cpp(424): warning C4018: '<' : signed/unsigned mismatch
     1>main.cpp(857): warning C4018: '<' : signed/unsigned mismatch
       Link:
         C:\Program Files (x86)\Microsoft Visual Studio 12.0\VC\bin\link.exe /ERRORREPORT:PROMPT /OUT:"C:\Users\Johan\workspace\Graphics Tda361\Examples\OpenGLTutorials_2014 (1)\OpenGLTutorials\bin\OpenGL_project_Release.exe" /INCREMENTAL:NO /NOLOGO /LIBPATH:../lib glew32.lib ILU.lib ILUT.lib DevIL.lib user32.lib "glutil-vs2013_Release.lib" "linmath-vs2013_Release.lib" assimp.lib kernel32.lib user32.lib gdi32.lib winspool.lib comdlg32.lib advapi32.lib shell32.lib ole32.lib oleaut32.lib uuid.lib odbc32.lib odbccp32.lib /MANIFEST /MANIFESTUAC:"level='asInvoker' uiAccess='false'" /manifest:embed /PDB:".\Release/OpenGL_Lab.pdb" /SUBSYSTEM:CONSOLE /OPT:REF /PGD:"C:\Users\Johan\workspace\Graphics Tda361\Examples\OpenGLTutorials_2014 (1)\OpenGLTutorials\bin\OpenGL_project_Release.pgd" /LTCG:PGOptimize /TLBID:1 /DYNAMICBASE:NO /IMPLIB:"C:\Users\Johan\workspace\Graphics Tda361\Examples\OpenGLTutorials_2014 (1)\OpenGLTutorials\bin\OpenGL_project_Release.lib" /MACHINE:X86 /SAFESEH Release\Camera.obj
         Release\Logger.obj
         Release\main.obj
         Release\Mesh.obj
         Release\Octree.obj
         Release\PerspectiveCamera.obj
         Release\SceneRenderer.obj
         Release\Triangle.obj
     1>LINK : warning LNK4256: Profile Guided Optimization is not available in this edition of the product; 'PGD:C:\Users\Johan\workspace\Graphics Tda361\Examples\OpenGLTutorials_2014 (1)\OpenGLTutorials\bin\OpenGL_project_Release.pgd' ignored
     1>LINK : warning LNK4256: Profile Guided Optimization is not available in this edition of the product; 'LTCG:PGOptimize' ignored
         Generating code
         Finished generating code
         OpenGL_project-vs2013.vcxproj -> C:\Users\Johan\workspace\Graphics Tda361\Examples\OpenGLTutorials_2014 (1)\OpenGLTutorials\bin\OpenGL_project_Release.exe
     1>Done Building Project "C:\Users\Johan\workspace\Graphics Tda361\Examples\OpenGLTutorials_2014 (1)\OpenGLTutorials\project\OpenGL_project-vs2013.vcxproj" (Build target(s)).

Build succeeded.

Time Elapsed 00:00:02.94
