c:\users\johan\workspace\graphics tda361\examples\opengltutorials_2014 (1)\opengltutorials\linmath\debug\vc120.pdb
c:\users\johan\workspace\graphics tda361\examples\opengltutorials_2014 (1)\opengltutorials\linmath\debug\vc120.idb
c:\users\johan\workspace\graphics tda361\examples\opengltutorials_2014 (1)\opengltutorials\linmath\debug\aabb.obj
c:\users\johan\workspace\graphics tda361\examples\opengltutorials_2014 (1)\opengltutorials\linmath\debug\float2.obj
c:\users\johan\workspace\graphics tda361\examples\opengltutorials_2014 (1)\opengltutorials\linmath\debug\float3.obj
c:\users\johan\workspace\graphics tda361\examples\opengltutorials_2014 (1)\opengltutorials\linmath\debug\float3x3.obj
c:\users\johan\workspace\graphics tda361\examples\opengltutorials_2014 (1)\opengltutorials\linmath\debug\float4.obj
c:\users\johan\workspace\graphics tda361\examples\opengltutorials_2014 (1)\opengltutorials\linmath\debug\float4x4.obj
c:\users\johan\workspace\graphics tda361\examples\opengltutorials_2014 (1)\opengltutorials\linmath\debug\int2.obj
c:\users\johan\workspace\graphics tda361\examples\opengltutorials_2014 (1)\opengltutorials\linmath\debug\int3.obj
c:\users\johan\workspace\graphics tda361\examples\opengltutorials_2014 (1)\opengltutorials\linmath\debug\int4.obj
c:\users\johan\workspace\graphics tda361\examples\opengltutorials_2014 (1)\opengltutorials\linmath\debug\quaternion.obj
c:\users\johan\workspace\graphics tda361\examples\opengltutorials_2014 (1)\opengltutorials\lib\linmath-vs2013_debug.lib
c:\users\johan\workspace\graphics tda361\examples\opengltutorials_2014 (1)\opengltutorials\\lib\linmath-vs2013_debug.lib
c:\users\johan\workspace\graphics tda361\examples\opengltutorials_2014 (1)\opengltutorials\linmath\debug\linmath-vs2013.tlog\cl.command.1.tlog
c:\users\johan\workspace\graphics tda361\examples\opengltutorials_2014 (1)\opengltutorials\linmath\debug\linmath-vs2013.tlog\cl.read.1.tlog
c:\users\johan\workspace\graphics tda361\examples\opengltutorials_2014 (1)\opengltutorials\linmath\debug\linmath-vs2013.tlog\cl.write.1.tlog
c:\users\johan\workspace\graphics tda361\examples\opengltutorials_2014 (1)\opengltutorials\linmath\debug\linmath-vs2013.tlog\lib-link.read.1.tlog
c:\users\johan\workspace\graphics tda361\examples\opengltutorials_2014 (1)\opengltutorials\linmath\debug\linmath-vs2013.tlog\lib-link.write.1.tlog
c:\users\johan\workspace\graphics tda361\examples\opengltutorials_2014 (1)\opengltutorials\linmath\debug\linmath-vs2013.tlog\lib.command.1.tlog
