Build started 01/03/2015 18:25:32.
     1>Project "C:\Users\Johan\workspace\Graphics Tda361\Examples\OpenGLTutorials_2014 (1)\OpenGLTutorials\linmath\linmath-vs2013.vcxproj" on node 2 (Build target(s)).
     1>ClCompile:
         C:\Program Files (x86)\Microsoft Visual Studio 12.0\VC\bin\x86_amd64\CL.exe /c /Zi /nologo /W3 /WX- /Od /D WIN32 /D _DEBUG /D _LIB /D _UNICODE /D UNICODE /Gm /EHsc /RTC1 /MDd /GS /fp:precise /Zc:wchar_t /Zc:forScope /Fo"x64\Debug\\" /Fd"x64\Debug\vc120.pdb" /Gd /TP /errorReport:prompt Aabb.cpp float2.cpp float3.cpp float3x3.cpp float4.cpp float4x4.cpp int2.cpp int3.cpp int4.cpp Quaternion.cpp
         Quaternion.cpp
         int4.cpp
         int3.cpp
         int2.cpp
         float4x4.cpp
         float4.cpp
         float3x3.cpp
         float3.cpp
         float2.cpp
         Aabb.cpp
         Generating Code...
       Lib:
         C:\Program Files (x86)\Microsoft Visual Studio 12.0\VC\bin\x86_amd64\Lib.exe /OUT:"C:\Users\Johan\workspace\Graphics Tda361\Examples\OpenGLTutorials_2014 (1)\OpenGLTutorials\linmath\\x64\Debug\linmath-vs2013.lib" /NOLOGO /MACHINE:X64 x64\Debug\Aabb.obj
         x64\Debug\float2.obj
         x64\Debug\float3.obj
         x64\Debug\float3x3.obj
         x64\Debug\float4.obj
         x64\Debug\float4x4.obj
         x64\Debug\int2.obj
         x64\Debug\int3.obj
         x64\Debug\int4.obj
         x64\Debug\Quaternion.obj
         linmath-vs2013.vcxproj -> C:\Users\Johan\workspace\Graphics Tda361\Examples\OpenGLTutorials_2014 (1)\OpenGLTutorials\linmath\\x64\Debug\linmath-vs2013.lib
     1>Done Building Project "C:\Users\Johan\workspace\Graphics Tda361\Examples\OpenGLTutorials_2014 (1)\OpenGLTutorials\linmath\linmath-vs2013.vcxproj" (Build target(s)).

Build succeeded.

Time Elapsed 00:00:01.85
